2025-08-17 12:52:00 | WARN | repo=arquillian-phantom-binary | action=commit
2025-10-15 07:45:00 | INFO | repo=arquillian-phantom-binary | action=commit
2025-11-01 18:35:00 | DEBUG | repo=arquillian-phantom-binary | action=edit | files=4
2025-11-02 19:42:00 | WARN | repo=arquillian-phantom-binary | action=commit
2025-04-26 09:03:00 | INFO | repo=arquillian-phantom-binary | action=commit
2025-06-19 15:19:00 | DEBUG | repo=arquillian-phantom-binary | action=commit
2025-02-02 13:28:00 | WARN | repo=arquillian-phantom-binary | action=commit
2025-10-25 07:57:00 | DEBUG | repo=arquillian-phantom-binary | action=commit
2025-09-14 19:25:00 | DEBUG | repo=arquillian-phantom-binary | action=commit
2025-02-22 14:40:00 | DEBUG | repo=arquillian-phantom-binary | action=commit
2025-11-24 14:59:00 | INFO | repo=arquillian-phantom-binary | action=commit
2025-12-17 09:33:00 | INFO | repo=arquillian-phantom-binary | action=commit
2025-05-08 21:08:00 | WARN | repo=arquillian-phantom-binary | action=commit
2025-08-12 12:22:00 | INFO | repo=arquillian-phantom-binary | action=commit
2025-05-19 14:03:00 | WARN | repo=arquillian-phantom-binary | action=commit
2025-09-08 14:53:00 | WARN | repo=arquillian-phantom-binary | action=test | passed=true
2025-11-04 16:51:00 | DEBUG | repo=arquillian-phantom-binary | action=commit
2025-03-25 19:56:00 | WARN | repo=arquillian-phantom-binary | action=commit
2025-06-26 15:36:00 | DEBUG | repo=arquillian-phantom-binary | action=commit
2025-12-15 17:56:00 | DEBUG | repo=arquillian-phantom-binary | action=pull
2025-04-13 07:54:00 | INFO | repo=arquillian-phantom-binary | action=edit | files=3
2025-01-18 18:18:00 | WARN | repo=arquillian-phantom-binary | action=test | passed=true
2025-01-21 07:24:00 | DEBUG | repo=arquillian-phantom-binary | action=pull
2025-02-04 19:11:00 | WARN | repo=arquillian-phantom-binary | action=commit
2025-01-06 19:47:00 | DEBUG | repo=arquillian-phantom-binary | action=commit
2025-06-08 12:18:00 | WARN | repo=arquillian-phantom-binary | action=commit
2025-04-24 21:10:00 | INFO | repo=arquillian-phantom-binary | action=commit
2025-11-16 19:24:00 | DEBUG | repo=arquillian-phantom-binary | action=pull
2025-10-15 20:06:00 | INFO | repo=arquillian-phantom-binary | action=commit
2025-06-02 10:46:00 | INFO | repo=arquillian-phantom-binary | action=commit
2025-11-19 16:47:00 | WARN | repo=arquillian-phantom-binary | action=commit
2025-07-13 12:01:00 | WARN | repo=arquillian-phantom-binary | action=commit
2025-08-03 08:17:00 | WARN | repo=arquillian-phantom-binary | action=commit
2025-05-20 14:20:00 | DEBUG | repo=arquillian-phantom-binary | action=commit
2025-06-22 21:31:00 | WARN | repo=arquillian-phantom-binary | action=commit
2025-08-08 09:34:00 | WARN | repo=arquillian-phantom-binary | action=commit
2025-06-25 19:42:00 | DEBUG | repo=arquillian-phantom-binary | action=commit
2025-04-08 18:03:00 | WARN | repo=arquillian-phantom-binary | action=commit
2025-03-13 10:32:00 | INFO | repo=arquillian-phantom-binary | action=test | passed=true
2025-08-25 19:15:00 | DEBUG | repo=arquillian-phantom-binary | action=commit
2025-03-09 09:29:00 | WARN | repo=arquillian-phantom-binary | action=commit
2025-01-27 13:55:00 | DEBUG | repo=arquillian-phantom-binary | action=commit
2025-12-01 11:17:00 | INFO | repo=arquillian-phantom-binary | action=commit
2025-10-05 09:32:00 | WARN | repo=arquillian-phantom-binary | action=commit
2025-12-21 07:03:00 | WARN | repo=arquillian-phantom-binary | action=commit
2025-04-09 18:11:00 | INFO | repo=arquillian-phantom-binary | action=pull
2025-02-14 13:21:00 | DEBUG | repo=arquillian-phantom-binary | action=edit | files=4
2025-09-19 21:27:00 | INFO | repo=arquillian-phantom-binary | action=commit
2025-09-07 11:36:00 | WARN | repo=arquillian-phantom-binary | action=commit
2025-09-22 16:47:00 | INFO | repo=arquillian-phantom-binary | action=commit
2025-03-01 20:51:00 | DEBUG | repo=arquillian-phantom-binary | action=commit
2025-02-28 12:16:00 | WARN | repo=arquillian-phantom-binary | action=commit
2025-10-24 11:01:00 | WARN | repo=arquillian-phantom-binary | action=commit
2025-09-11 17:19:00 | WARN | repo=arquillian-phantom-binary | action=commit
